<?xml version="1.0" encoding="UTF-8"?>
<!-- Generated by org.testng.reporters.JUnitReportReporter -->
<testsuite hostname="DESKTOP-LM8VLMM" failures="0" tests="2" name="com.smart.group2.TestClass" time="7.015" errors="0" timestamp="2023-12-30T11:05:46 EST" skipped="0">
  <testcase classname="com.smart.group2.TestClass" name="testFacebook" time="3.153"/>
  <system-out/>
  <testcase classname="com.smart.group2.TestClass" name="testGoogle" time="3.862"/>
  <system-out/>
</testsuite> <!-- com.smart.group2.TestClass -->
