<?xml version="1.0" encoding="UTF-8"?>
<!-- Generated by org.testng.reporters.JUnitReportReporter -->
<testsuite hostname="DESKTOP-LM8VLMM" failures="0" tests="3" name="com.smart.dataprovider.TestDataProvider2" time="0.008" errors="0" timestamp="2023-12-30T11:25:07 EST" skipped="0">
  <testcase classname="com.smart.dataprovider.TestDataProvider2" name="loginTest" time="0.001"/>
  <system-out/>
  <testcase classname="com.smart.dataprovider.TestDataProvider2" name="loginTest" time="0.006"/>
  <system-out/>
  <testcase classname="com.smart.dataprovider.TestDataProvider2" name="loginTest" time="0.001"/>
  <system-out/>
</testsuite> <!-- com.smart.dataprovider.TestDataProvider2 -->
