<?xml version="1.0" encoding="UTF-8"?>
<!-- Generated by org.testng.reporters.JUnitReportReporter -->
<testsuite hostname="DESKTOP-LM8VLMM" failures="0" tests="2" name="com.qa.testNG.Class1" time="9.705" errors="0" timestamp="2023-12-17T12:51:45 EST" skipped="0">
  <testcase classname="com.qa.testNG.Class1" name="googleTest" time="4.901"/>
  <system-out/>
  <testcase classname="com.qa.testNG.Class1" name="facebookTest" time="4.804"/>
  <system-out/>
</testsuite> <!-- com.qa.testNG.Class1 -->
