<?xml version="1.0" encoding="UTF-8"?>
<!-- Generated by org.testng.reporters.JUnitReportReporter -->
<testsuite hostname="DESKTOP-LM8VLMM" failures="0" tests="2" name="com.smart.group.PricelineTest" time="0.010" errors="0" timestamp="2023-12-23T15:08:47 EST" skipped="0">
  <testcase classname="com.smart.group.PricelineTest" name="logOut" time="0.007"/>
  <system-out/>
  <testcase classname="com.smart.group.PricelineTest" name="searchFlight" time="0.003"/>
  <system-out/>
</testsuite> <!-- com.smart.group.PricelineTest -->
