<?xml version="1.0" encoding="UTF-8"?>
<!-- Generated by org.testng.reporters.JUnitReportReporter -->
<testsuite hostname="DESKTOP-LM8VLMM" failures="0" tests="2" name="com.qa.testNG.Annotations" time="0.006" errors="0" timestamp="2023-12-21T15:16:11 EST" skipped="0">
  <testcase classname="com.qa.testNG.Annotations" name="testOne" time="0.004"/>
  <system-out/>
  <testcase classname="com.qa.testNG.Annotations" name="testTwo" time="0.002"/>
  <system-out/>
</testsuite> <!-- com.qa.testNG.Annotations -->
