<?xml version="1.0" encoding="UTF-8"?>
<!-- Generated by org.testng.reporters.JUnitReportReporter -->
<testsuite hostname="DESKTOP-LM8VLMM" failures="0" tests="6" name="com.smart.invocationCount.TestInvocation" time="29.454" errors="0" timestamp="2023-12-30T15:35:39 EST" skipped="0">
  <testcase classname="com.smart.invocationCount.TestInvocation" name="testMethod" time="3.777"/>
  <system-out/>
  <testcase classname="com.smart.invocationCount.TestInvocation" name="testMethod" time="3.990"/>
  <system-out/>
  <testcase classname="com.smart.invocationCount.TestInvocation" name="testMethod" time="3.651"/>
  <system-out/>
  <testcase classname="com.smart.invocationCount.TestInvocation" name="testMethod" time="6.884"/>
  <system-out/>
  <testcase classname="com.smart.invocationCount.TestInvocation" name="testMethod" time="4.554"/>
  <system-out/>
  <testcase classname="com.smart.invocationCount.TestInvocation" name="testMethod" time="6.598"/>
  <system-out/>
</testsuite> <!-- com.smart.invocationCount.TestInvocation -->
