<?xml version="1.0" encoding="UTF-8"?>
<!-- Generated by org.testng.reporters.JUnitReportReporter -->
<testsuite hostname="DESKTOP-LM8VLMM" failures="0" tests="4" name="com.smart.dataprovider.TestClass" time="32.479" errors="0" timestamp="2023-12-30T14:55:40 EST" skipped="0">
  <testcase classname="com.smart.dataprovider.TestClass" name="testGoogle" time="5.739"/>
  <system-out/>
  <testcase classname="com.smart.dataprovider.TestClass" name="testGoogle" time="9.252"/>
  <system-out/>
  <testcase classname="com.smart.dataprovider.TestClass" name="testGoogle" time="10.245"/>
  <system-out/>
  <testcase classname="com.smart.dataprovider.TestClass" name="testGoogle" time="7.243"/>
  <system-out/>
</testsuite> <!-- com.smart.dataprovider.TestClass -->
