<?xml version="1.0" encoding="UTF-8"?>
<!-- Generated by org.testng.reporters.JUnitReportReporter -->
<testsuite hostname="DESKTOP-LM8VLMM" failures="0" tests="4" name="com.smart.parallel.TestClass3" time="0.010" errors="0" timestamp="2023-12-30T15:15:08 EST" skipped="0">
  <testcase classname="com.smart.parallel.TestClass3" name="testMethod10" time="0.007"/>
  <system-out/>
  <testcase classname="com.smart.parallel.TestClass3" name="testMethod8" time="0.002"/>
  <system-out/>
  <testcase classname="com.smart.parallel.TestClass3" name="testMethod9" time="0.000"/>
  <system-out/>
  <testcase classname="com.smart.parallel.TestClass3" name="testMethod11" time="0.001"/>
  <system-out/>
</testsuite> <!-- com.smart.parallel.TestClass3 -->
