<?xml version="1.0" encoding="UTF-8"?>
<!-- Generated by org.testng.reporters.JUnitReportReporter -->
<testsuite hostname="DESKTOP-LM8VLMM" failures="0" tests="8" name="com.smart.parallel.TestClass1" time="0.017" errors="0" timestamp="2023-12-30T15:15:08 EST" skipped="0">
  <testcase classname="com.smart.parallel.TestClass1" name="testMethod3" time="0.004"/>
  <system-out/>
  <testcase classname="com.smart.parallel.TestClass1" name="testMethod1" time="0.007"/>
  <system-out/>
  <testcase classname="com.smart.parallel.TestClass1" name="testMethod3" time="0.000"/>
  <system-out/>
  <testcase classname="com.smart.parallel.TestClass1" name="testMethod1" time="0.001"/>
  <system-out/>
  <testcase classname="com.smart.parallel.TestClass1" name="testMethod4" time="0.001"/>
  <system-out/>
  <testcase classname="com.smart.parallel.TestClass1" name="testMethod2" time="0.000"/>
  <system-out/>
  <testcase classname="com.smart.parallel.TestClass1" name="testMethod4" time="0.002"/>
  <system-out/>
  <testcase classname="com.smart.parallel.TestClass1" name="testMethod2" time="0.002"/>
  <system-out/>
</testsuite> <!-- com.smart.parallel.TestClass1 -->
